Android_App/app/build/intermediates/manifest_merge_blame_file/debug/processDebugMainManifest/manifest-merger-blame-debug-report.txt
1<?xml version="1.0" encoding="utf-8"?>
2<manifest xmlns:android="http://schemas.android.com/apk/res/android"
3    package="com.aurafarmers.resqride"
4    android:versionCode="1"
5    android:versionName="1.0.0" >
6
7    <uses-sdk
8        android:minSdkVersion="26"
9        android:targetSdkVersion="35" />
10
11    <!-- Network & Internet -->
12    <uses-permission android:name="android.permission.INTERNET" />
12-->src\main\AndroidManifest.xml:6:5-67
12-->src\main\AndroidManifest.xml:6:22-64
13    <uses-permission android:name="android.permission.ACCESS_NETWORK_STATE" />
13-->src\main\AndroidManifest.xml:7:5-79
13-->src\main\AndroidManifest.xml:7:22-76
14
15    <!-- Bluetooth Low Energy -->
16    <uses-permission
16-->src\main\AndroidManifest.xml:10:5-95
17        android:name="android.permission.BLUETOOTH"
17-->src\main\AndroidManifest.xml:10:22-65
18        android:maxSdkVersion="30" />
18-->src\main\AndroidManifest.xml:10:66-92
19    <uses-permission
19-->src\main\AndroidManifest.xml:11:5-101
20        android:name="android.permission.BLUETOOTH_ADMIN"
20-->src\main\AndroidManifest.xml:11:22-71
21        android:maxSdkVersion="30" />
21-->src\main\AndroidManifest.xml:11:72-98
22    <uses-permission android:name="android.permission.BLUETOOTH_SCAN" />
22-->src\main\AndroidManifest.xml:12:5-93
22-->src\main\AndroidManifest.xml:12:22-70
23    <uses-permission android:name="android.permission.BLUETOOTH_CONNECT" />
23-->src\main\AndroidManifest.xml:13:5-96
23-->src\main\AndroidManifest.xml:13:22-73
24
25    <uses-feature
25-->src\main\AndroidManifest.xml:14:5-90
26        android:name="android.hardware.bluetooth_le"
26-->src\main\AndroidManifest.xml:14:19-63
27        android:required="true" />
27-->src\main\AndroidManifest.xml:14:64-87
28
29    <!-- GPS & Location Tracking -->
30    <uses-permission android:name="android.permission.ACCESS_FINE_LOCATION" />
30-->src\main\AndroidManifest.xml:17:5-79
30-->src\main\AndroidManifest.xml:17:22-76
31    <uses-permission android:name="android.permission.ACCESS_COARSE_LOCATION" />
31-->src\main\AndroidManifest.xml:18:5-81
31-->src\main\AndroidManifest.xml:18:22-78
32    <uses-permission android:name="android.permission.ACCESS_BACKGROUND_LOCATION" />
32-->src\main\AndroidManifest.xml:19:5-85
32-->src\main\AndroidManifest.xml:19:22-82
33
34    <!-- Foreground Services for Ride Tracking & BLE Monitoring -->
35    <uses-permission android:name="android.permission.FOREGROUND_SERVICE" />
35-->src\main\AndroidManifest.xml:22:5-77
35-->src\main\AndroidManifest.xml:22:22-74
36    <uses-permission android:name="android.permission.FOREGROUND_SERVICE_LOCATION" />
36-->src\main\AndroidManifest.xml:23:5-106
36-->src\main\AndroidManifest.xml:23:22-83
37    <uses-permission android:name="android.permission.FOREGROUND_SERVICE_CONNECTED_DEVICE" />
37-->src\main\AndroidManifest.xml:24:5-129
37-->src\main\AndroidManifest.xml:24:22-91
38    <uses-permission android:name="android.permission.POST_NOTIFICATIONS" />
38-->src\main\AndroidManifest.xml:25:5-104
38-->src\main\AndroidManifest.xml:25:22-74
39
40    <!-- Emergency SOS Actions -->
41    <uses-permission android:name="android.permission.SEND_SMS" />
41-->src\main\AndroidManifest.xml:28:5-67
41-->src\main\AndroidManifest.xml:28:22-64
42    <uses-permission android:name="android.permission.CALL_PHONE" />
42-->src\main\AndroidManifest.xml:29:5-69
42-->src\main\AndroidManifest.xml:29:22-66
43    <uses-permission android:name="android.permission.MODIFY_AUDIO_SETTINGS" />
43-->src\main\AndroidManifest.xml:30:5-80
43-->src\main\AndroidManifest.xml:30:22-77
44
45    <!-- Full-screen Emergency Wake & Haptics -->
46    <uses-permission android:name="android.permission.WAKE_LOCK" />
46-->src\main\AndroidManifest.xml:33:5-68
46-->src\main\AndroidManifest.xml:33:22-65
47    <uses-permission android:name="android.permission.VIBRATE" />
47-->src\main\AndroidManifest.xml:34:5-66
47-->src\main\AndroidManifest.xml:34:22-63
48    <uses-permission android:name="android.permission.USE_FULL_SCREEN_INTENT" />
48-->src\main\AndroidManifest.xml:35:5-101
48-->src\main\AndroidManifest.xml:35:22-78
49    <uses-permission android:name="com.google.android.providers.gsf.permission.READ_GSERVICES" />
49-->[com.google.android.recaptcha:recaptcha:18.5.1] AndroidManifest.xml:9:5-98
49-->[com.google.android.recaptcha:recaptcha:18.5.1] AndroidManifest.xml:9:22-95
50
51    <permission
51-->[androidx.core:core:1.15.0] AndroidManifest.xml:22:5-24:47
52        android:name="com.aurafarmers.resqride.DYNAMIC_RECEIVER_NOT_EXPORTED_PERMISSION"
52-->[androidx.core:core:1.15.0] AndroidManifest.xml:23:9-81
53        android:protectionLevel="signature" />
53-->[androidx.core:core:1.15.0] AndroidManifest.xml:24:9-44
54
55    <uses-permission android:name="com.aurafarmers.resqride.DYNAMIC_RECEIVER_NOT_EXPORTED_PERMISSION" />
55-->[androidx.core:core:1.15.0] AndroidManifest.xml:26:5-97
55-->[androidx.core:core:1.15.0] AndroidManifest.xml:26:22-94
56
57    <application
57-->src\main\AndroidManifest.xml:37:5-89:19
58        android:name="com.aurafarmers.resqride.ResQRideApplication"
58-->src\main\AndroidManifest.xml:38:9-44
59        android:allowBackup="true"
59-->src\main\AndroidManifest.xml:39:9-35
60        android:appComponentFactory="androidx.core.app.CoreComponentFactory"
60-->[androidx.core:core:1.15.0] AndroidManifest.xml:28:18-86
61        android:dataExtractionRules="@xml/data_extraction_rules"
61-->src\main\AndroidManifest.xml:40:9-65
62        android:debuggable="true"
63        android:extractNativeLibs="false"
64        android:fullBackupContent="@xml/backup_rules"
64-->src\main\AndroidManifest.xml:41:9-54
65        android:icon="@mipmap/ic_launcher"
65-->src\main\AndroidManifest.xml:42:9-43
66        android:label="@string/app_name"
66-->src\main\AndroidManifest.xml:43:9-41
67        android:roundIcon="@mipmap/ic_launcher_round"
67-->src\main\AndroidManifest.xml:44:9-54
68        android:supportsRtl="true"
68-->src\main\AndroidManifest.xml:45:9-35
69        android:theme="@style/Theme.ResQRide" >
69-->src\main\AndroidManifest.xml:46:9-46
70
71        <!-- Main Dashboard Activity -->
72        <activity
72-->src\main\AndroidManifest.xml:49:9-58:20
73            android:name="com.aurafarmers.resqride.ui.MainActivity"
73-->src\main\AndroidManifest.xml:50:13-44
74            android:exported="true"
74-->src\main\AndroidManifest.xml:51:13-36
75            android:theme="@style/Theme.ResQRide"
75-->src\main\AndroidManifest.xml:52:13-50
76            android:windowSoftInputMode="adjustResize" >
76-->src\main\AndroidManifest.xml:53:13-55
77            <intent-filter>
77-->src\main\AndroidManifest.xml:54:13-57:29
78                <action android:name="android.intent.action.MAIN" />
78-->src\main\AndroidManifest.xml:55:17-69
78-->src\main\AndroidManifest.xml:55:25-66
79
80                <category android:name="android.intent.category.LAUNCHER" />
80-->src\main\AndroidManifest.xml:56:17-77
80-->src\main\AndroidManifest.xml:56:27-74
81            </intent-filter>
82        </activity>
83
84        <!-- High-Priority Lock-Screen Emergency Alert Activity -->
85        <activity
85-->src\main\AndroidManifest.xml:61:9-69:53
86            android:name="com.aurafarmers.resqride.ui.alert.CrashAlertActivity"
86-->src\main\AndroidManifest.xml:62:13-56
87            android:excludeFromRecents="true"
87-->src\main\AndroidManifest.xml:68:13-46
88            android:exported="false"
88-->src\main\AndroidManifest.xml:63:13-37
89            android:launchMode="singleTop"
89-->src\main\AndroidManifest.xml:67:13-43
90            android:showOnLockScreen="true"
90-->src\main\AndroidManifest.xml:64:13-44
91            android:showWhenLocked="true"
91-->src\main\AndroidManifest.xml:66:13-42
92            android:theme="@style/Theme.ResQRide"
92-->src\main\AndroidManifest.xml:69:13-50
93            android:turnScreenOn="true" />
93-->src\main\AndroidManifest.xml:65:13-40
94
95        <!-- Persistent Ride Foreground Service -->
96        <service
96-->src\main\AndroidManifest.xml:72:9-76:72
97            android:name="com.aurafarmers.resqride.service.RideTrackingService"
97-->src\main\AndroidManifest.xml:73:13-56
98            android:enabled="true"
98-->src\main\AndroidManifest.xml:74:13-35
99            android:exported="false"
99-->src\main\AndroidManifest.xml:75:13-37
100            android:foregroundServiceType="location|connectedDevice" />
100-->src\main\AndroidManifest.xml:76:13-69
101
102        <!-- FileProvider for Sharing Medical PDF Prescriptions -->
103        <provider
104            android:name="androidx.core.content.FileProvider"
104-->src\main\AndroidManifest.xml:80:13-62
105            android:authorities="com.aurafarmers.resqride.fileprovider"
105-->src\main\AndroidManifest.xml:81:13-64
106            android:exported="false"
106-->src\main\AndroidManifest.xml:82:13-37
107            android:grantUriPermissions="true" >
107-->src\main\AndroidManifest.xml:83:13-47
108            <meta-data
108-->src\main\AndroidManifest.xml:84:13-86:54
109                android:name="android.support.FILE_PROVIDER_PATHS"
109-->src\main\AndroidManifest.xml:85:17-67
110                android:resource="@xml/file_paths" />
110-->src\main\AndroidManifest.xml:86:17-51
111        </provider>
112
113        <service
113-->[com.google.firebase:firebase-auth-ktx:23.1.0] AndroidManifest.xml:8:9-14:19
114            android:name="com.google.firebase.components.ComponentDiscoveryService"
114-->[com.google.firebase:firebase-auth-ktx:23.1.0] AndroidManifest.xml:9:13-84
115            android:directBootAware="true"
115-->[com.google.firebase:firebase-common:21.0.0] AndroidManifest.xml:32:13-43
116            android:exported="false" >
116-->[com.google.firebase:firebase-auth-ktx:23.1.0] AndroidManifest.xml:10:13-37
117            <meta-data
117-->[com.google.firebase:firebase-auth-ktx:23.1.0] AndroidManifest.xml:11:13-13:85
118                android:name="com.google.firebase.components:com.google.firebase.auth.ktx.FirebaseAuthLegacyRegistrar"
118-->[com.google.firebase:firebase-auth-ktx:23.1.0] AndroidManifest.xml:12:17-119
119                android:value="com.google.firebase.components.ComponentRegistrar" />
119-->[com.google.firebase:firebase-auth-ktx:23.1.0] AndroidManifest.xml:13:17-82
120            <meta-data
120-->[com.google.firebase:firebase-auth:23.1.0] AndroidManifest.xml:69:13-71:85
121                android:name="com.google.firebase.components:com.google.firebase.auth.FirebaseAuthRegistrar"
121-->[com.google.firebase:firebase-auth:23.1.0] AndroidManifest.xml:70:17-109
122                android:value="com.google.firebase.components.ComponentRegistrar" />
122-->[com.google.firebase:firebase-auth:23.1.0] AndroidManifest.xml:71:17-82
123            <meta-data
123-->[com.google.firebase:firebase-storage-ktx:21.0.1] AndroidManifest.xml:12:13-14:85
124                android:name="com.google.firebase.components:com.google.firebase.storage.ktx.FirebaseStorageLegacyRegistrar"
124-->[com.google.firebase:firebase-storage-ktx:21.0.1] AndroidManifest.xml:13:17-125
125                android:value="com.google.firebase.components.ComponentRegistrar" />
125-->[com.google.firebase:firebase-storage-ktx:21.0.1] AndroidManifest.xml:14:17-82
126            <meta-data
126-->[com.google.firebase:firebase-storage:21.0.1] AndroidManifest.xml:30:13-32:85
127                android:name="com.google.firebase.components:com.google.firebase.storage.FirebaseStorageKtxRegistrar"
127-->[com.google.firebase:firebase-storage:21.0.1] AndroidManifest.xml:31:17-118
128                android:value="com.google.firebase.components.ComponentRegistrar" />
128-->[com.google.firebase:firebase-storage:21.0.1] AndroidManifest.xml:32:17-82
129            <meta-data
129-->[com.google.firebase:firebase-storage:21.0.1] AndroidManifest.xml:33:13-35:85
130                android:name="com.google.firebase.components:com.google.firebase.storage.StorageRegistrar"
130-->[com.google.firebase:firebase-storage:21.0.1] AndroidManifest.xml:34:17-107
131                android:value="com.google.firebase.components.ComponentRegistrar" />
131-->[com.google.firebase:firebase-storage:21.0.1] AndroidManifest.xml:35:17-82
132            <meta-data
132-->[com.google.firebase:firebase-firestore-ktx:25.1.1] AndroidManifest.xml:12:13-14:85
133                android:name="com.google.firebase.components:com.google.firebase.firestore.ktx.FirebaseFirestoreLegacyRegistrar"
133-->[com.google.firebase:firebase-firestore-ktx:25.1.1] AndroidManifest.xml:13:17-129
134                android:value="com.google.firebase.components.ComponentRegistrar" />
134-->[com.google.firebase:firebase-firestore-ktx:25.1.1] AndroidManifest.xml:14:17-82
135            <meta-data
135-->[com.google.firebase:firebase-firestore:25.1.1] AndroidManifest.xml:17:13-19:85
136                android:name="com.google.firebase.components:com.google.firebase.firestore.FirebaseFirestoreKtxRegistrar"
136-->[com.google.firebase:firebase-firestore:25.1.1] AndroidManifest.xml:18:17-122
137                android:value="com.google.firebase.components.ComponentRegistrar" />
137-->[com.google.firebase:firebase-firestore:25.1.1] AndroidManifest.xml:19:17-82
138            <meta-data
138-->[com.google.firebase:firebase-firestore:25.1.1] AndroidManifest.xml:20:13-22:85
139                android:name="com.google.firebase.components:com.google.firebase.firestore.FirestoreRegistrar"
139-->[com.google.firebase:firebase-firestore:25.1.1] AndroidManifest.xml:21:17-111
140                android:value="com.google.firebase.components.ComponentRegistrar" />
140-->[com.google.firebase:firebase-firestore:25.1.1] AndroidManifest.xml:22:17-82
141            <meta-data
141-->[com.google.firebase:firebase-appcheck:18.0.0] AndroidManifest.xml:25:13-27:85
142                android:name="com.google.firebase.components:com.google.firebase.appcheck.FirebaseAppCheckKtxRegistrar"
142-->[com.google.firebase:firebase-appcheck:18.0.0] AndroidManifest.xml:26:17-120
143                android:value="com.google.firebase.components.ComponentRegistrar" />
143-->[com.google.firebase:firebase-appcheck:18.0.0] AndroidManifest.xml:27:17-82
144            <meta-data
144-->[com.google.firebase:firebase-appcheck:18.0.0] AndroidManifest.xml:28:13-30:85
145                android:name="com.google.firebase.components:com.google.firebase.appcheck.FirebaseAppCheckRegistrar"
145-->[com.google.firebase:firebase-appcheck:18.0.0] AndroidManifest.xml:29:17-117
146                android:value="com.google.firebase.components.ComponentRegistrar" />
146-->[com.google.firebase:firebase-appcheck:18.0.0] AndroidManifest.xml:30:17-82
147            <meta-data
147-->[com.google.firebase:firebase-common-ktx:21.0.0] AndroidManifest.xml:12:13-14:85
148                android:name="com.google.firebase.components:com.google.firebase.ktx.FirebaseCommonLegacyRegistrar"
148-->[com.google.firebase:firebase-common-ktx:21.0.0] AndroidManifest.xml:13:17-116
149                android:value="com.google.firebase.components.ComponentRegistrar" />
149-->[com.google.firebase:firebase-common-ktx:21.0.0] AndroidManifest.xml:14:17-82
150            <meta-data
150-->[com.google.firebase:firebase-common:21.0.0] AndroidManifest.xml:35:13-37:85
151                android:name="com.google.firebase.components:com.google.firebase.FirebaseCommonKtxRegistrar"
151-->[com.google.firebase:firebase-common:21.0.0] AndroidManifest.xml:36:17-109
152                android:value="com.google.firebase.components.ComponentRegistrar" />
152-->[com.google.firebase:firebase-common:21.0.0] AndroidManifest.xml:37:17-82
153        </service>
154
155        <activity
155-->[com.google.firebase:firebase-auth:23.1.0] AndroidManifest.xml:29:9-46:20
156            android:name="com.google.firebase.auth.internal.GenericIdpActivity"
156-->[com.google.firebase:firebase-auth:23.1.0] AndroidManifest.xml:30:13-80
157            android:excludeFromRecents="true"
157-->[com.google.firebase:firebase-auth:23.1.0] AndroidManifest.xml:31:13-46
158            android:exported="true"
158-->[com.google.firebase:firebase-auth:23.1.0] AndroidManifest.xml:32:13-36
159            android:launchMode="singleTask"
159-->[com.google.firebase:firebase-auth:23.1.0] AndroidManifest.xml:33:13-44
160            android:theme="@android:style/Theme.Translucent.NoTitleBar" >
160-->[com.google.firebase:firebase-auth:23.1.0] AndroidManifest.xml:34:13-72
161            <intent-filter>
161-->[com.google.firebase:firebase-auth:23.1.0] AndroidManifest.xml:35:13-45:29
162                <action android:name="android.intent.action.VIEW" />
162-->[com.google.firebase:firebase-auth:23.1.0] AndroidManifest.xml:36:17-69
162-->[com.google.firebase:firebase-auth:23.1.0] AndroidManifest.xml:36:25-66
163
164                <category android:name="android.intent.category.DEFAULT" />
164-->[com.google.firebase:firebase-auth:23.1.0] AndroidManifest.xml:38:17-76
164-->[com.google.firebase:firebase-auth:23.1.0] AndroidManifest.xml:38:27-73
165                <category android:name="android.intent.category.BROWSABLE" />
165-->[com.google.firebase:firebase-auth:23.1.0] AndroidManifest.xml:39:17-78
165-->[com.google.firebase:firebase-auth:23.1.0] AndroidManifest.xml:39:27-75
166
167                <data
167-->[com.google.firebase:firebase-auth:23.1.0] AndroidManifest.xml:41:17-44:51
168                    android:host="firebase.auth"
168-->[com.google.firebase:firebase-auth:23.1.0] AndroidManifest.xml:42:21-49
169                    android:path="/"
169-->[com.google.firebase:firebase-auth:23.1.0] AndroidManifest.xml:43:21-37
170                    android:scheme="genericidp" />
170-->[com.google.firebase:firebase-auth:23.1.0] AndroidManifest.xml:44:21-48
171            </intent-filter>
172        </activity>
173        <activity
173-->[com.google.firebase:firebase-auth:23.1.0] AndroidManifest.xml:47:9-64:20
174            android:name="com.google.firebase.auth.internal.RecaptchaActivity"
174-->[com.google.firebase:firebase-auth:23.1.0] AndroidManifest.xml:48:13-79
175            android:excludeFromRecents="true"
175-->[com.google.firebase:firebase-auth:23.1.0] AndroidManifest.xml:49:13-46
176            android:exported="true"
176-->[com.google.firebase:firebase-auth:23.1.0] AndroidManifest.xml:50:13-36
177            android:launchMode="singleTask"
177-->[com.google.firebase:firebase-auth:23.1.0] AndroidManifest.xml:51:13-44
178            android:theme="@android:style/Theme.Translucent.NoTitleBar" >
178-->[com.google.firebase:firebase-auth:23.1.0] AndroidManifest.xml:52:13-72
179            <intent-filter>
179-->[com.google.firebase:firebase-auth:23.1.0] AndroidManifest.xml:53:13-63:29
180                <action android:name="android.intent.action.VIEW" />
180-->[com.google.firebase:firebase-auth:23.1.0] AndroidManifest.xml:36:17-69
180-->[com.google.firebase:firebase-auth:23.1.0] AndroidManifest.xml:36:25-66
181
182                <category android:name="android.intent.category.DEFAULT" />
182-->[com.google.firebase:firebase-auth:23.1.0] AndroidManifest.xml:38:17-76
182-->[com.google.firebase:firebase-auth:23.1.0] AndroidManifest.xml:38:27-73
183                <category android:name="android.intent.category.BROWSABLE" />
183-->[com.google.firebase:firebase-auth:23.1.0] AndroidManifest.xml:39:17-78
183-->[com.google.firebase:firebase-auth:23.1.0] AndroidManifest.xml:39:27-75
184
185                <data
185-->[com.google.firebase:firebase-auth:23.1.0] AndroidManifest.xml:41:17-44:51
186                    android:host="firebase.auth"
186-->[com.google.firebase:firebase-auth:23.1.0] AndroidManifest.xml:42:21-49
187                    android:path="/"
187-->[com.google.firebase:firebase-auth:23.1.0] AndroidManifest.xml:43:21-37
188                    android:scheme="recaptcha" />
188-->[com.google.firebase:firebase-auth:23.1.0] AndroidManifest.xml:44:21-48
189            </intent-filter>
190        </activity>
191
192        <service
192-->[androidx.credentials:credentials-play-services-auth:1.2.0-rc01] AndroidManifest.xml:24:9-32:19
193            android:name="androidx.credentials.playservices.CredentialProviderMetadataHolder"
193-->[androidx.credentials:credentials-play-services-auth:1.2.0-rc01] AndroidManifest.xml:25:13-94
194            android:enabled="true"
194-->[androidx.credentials:credentials-play-services-auth:1.2.0-rc01] AndroidManifest.xml:26:13-35
195            android:exported="false" >
195-->[androidx.credentials:credentials-play-services-auth:1.2.0-rc01] AndroidManifest.xml:27:13-37
196            <meta-data
196-->[androidx.credentials:credentials-play-services-auth:1.2.0-rc01] AndroidManifest.xml:29:13-31:104
197                android:name="androidx.credentials.CREDENTIAL_PROVIDER_KEY"
197-->[androidx.credentials:credentials-play-services-auth:1.2.0-rc01] AndroidManifest.xml:30:17-76
198                android:value="androidx.credentials.playservices.CredentialProviderPlayServicesImpl" />
198-->[androidx.credentials:credentials-play-services-auth:1.2.0-rc01] AndroidManifest.xml:31:17-101
199        </service>
200
201        <activity
201-->[androidx.credentials:credentials-play-services-auth:1.2.0-rc01] AndroidManifest.xml:34:9-41:20
202            android:name="androidx.credentials.playservices.HiddenActivity"
202-->[androidx.credentials:credentials-play-services-auth:1.2.0-rc01] AndroidManifest.xml:35:13-76
203            android:configChanges="orientation|screenSize|screenLayout|keyboardHidden"
203-->[androidx.credentials:credentials-play-services-auth:1.2.0-rc01] AndroidManifest.xml:36:13-87
204            android:enabled="true"
204-->[androidx.credentials:credentials-play-services-auth:1.2.0-rc01] AndroidManifest.xml:37:13-35
205            android:exported="false"
205-->[androidx.credentials:credentials-play-services-auth:1.2.0-rc01] AndroidManifest.xml:38:13-37
206            android:fitsSystemWindows="true"
206-->[androidx.credentials:credentials-play-services-auth:1.2.0-rc01] AndroidManifest.xml:39:13-45
207            android:theme="@style/Theme.Hidden" >
207-->[androidx.credentials:credentials-play-services-auth:1.2.0-rc01] AndroidManifest.xml:40:13-48
208        </activity>
209        <activity
209-->[com.google.android.gms:play-services-auth:21.3.0] AndroidManifest.xml:23:9-27:75
210            android:name="com.google.android.gms.auth.api.signin.internal.SignInHubActivity"
210-->[com.google.android.gms:play-services-auth:21.3.0] AndroidManifest.xml:24:13-93
211            android:excludeFromRecents="true"
211-->[com.google.android.gms:play-services-auth:21.3.0] AndroidManifest.xml:25:13-46
212            android:exported="false"
212-->[com.google.android.gms:play-services-auth:21.3.0] AndroidManifest.xml:26:13-37
213            android:theme="@android:style/Theme.Translucent.NoTitleBar" />
213-->[com.google.android.gms:play-services-auth:21.3.0] AndroidManifest.xml:27:13-72
214        <!--
215            Service handling Google Sign-In user revocation. For apps that do not integrate with
216            Google Sign-In, this service will never be started.
217        -->
218        <service
218-->[com.google.android.gms:play-services-auth:21.3.0] AndroidManifest.xml:33:9-37:51
219            android:name="com.google.android.gms.auth.api.signin.RevocationBoundService"
219-->[com.google.android.gms:play-services-auth:21.3.0] AndroidManifest.xml:34:13-89
220            android:exported="true"
220-->[com.google.android.gms:play-services-auth:21.3.0] AndroidManifest.xml:35:13-36
221            android:permission="com.google.android.gms.auth.api.signin.permission.REVOCATION_NOTIFICATION"
221-->[com.google.android.gms:play-services-auth:21.3.0] AndroidManifest.xml:36:13-107
222            android:visibleToInstantApps="true" />
222-->[com.google.android.gms:play-services-auth:21.3.0] AndroidManifest.xml:37:13-48
223
224        <activity
224-->[com.google.android.gms:play-services-base:18.5.0] AndroidManifest.xml:5:9-173
225            android:name="com.google.android.gms.common.api.GoogleApiActivity"
225-->[com.google.android.gms:play-services-base:18.5.0] AndroidManifest.xml:5:19-85
226            android:exported="false"
226-->[com.google.android.gms:play-services-base:18.5.0] AndroidManifest.xml:5:146-170
227            android:theme="@android:style/Theme.Translucent.NoTitleBar" />
227-->[com.google.android.gms:play-services-base:18.5.0] AndroidManifest.xml:5:86-145
228        <activity
228-->[androidx.compose.ui:ui-test-manifest:1.7.6] AndroidManifest.xml:23:9-25:39
229            android:name="androidx.activity.ComponentActivity"
229-->[androidx.compose.ui:ui-test-manifest:1.7.6] AndroidManifest.xml:24:13-63
230            android:exported="true" />
230-->[androidx.compose.ui:ui-test-manifest:1.7.6] AndroidManifest.xml:25:13-36
231        <activity
231-->[androidx.compose.ui:ui-tooling-android:1.7.6] AndroidManifest.xml:23:9-25:39
232            android:name="androidx.compose.ui.tooling.PreviewActivity"
232-->[androidx.compose.ui:ui-tooling-android:1.7.6] AndroidManifest.xml:24:13-71
233            android:exported="true" />
233-->[androidx.compose.ui:ui-tooling-android:1.7.6] AndroidManifest.xml:25:13-36
234
235        <provider
235-->[androidx.emoji2:emoji2:1.3.0] AndroidManifest.xml:24:9-32:20
236            android:name="androidx.startup.InitializationProvider"
236-->[androidx.emoji2:emoji2:1.3.0] AndroidManifest.xml:25:13-67
237            android:authorities="com.aurafarmers.resqride.androidx-startup"
237-->[androidx.emoji2:emoji2:1.3.0] AndroidManifest.xml:26:13-68
238            android:exported="false" >
238-->[androidx.emoji2:emoji2:1.3.0] AndroidManifest.xml:27:13-37
239            <meta-data
239-->[androidx.emoji2:emoji2:1.3.0] AndroidManifest.xml:29:13-31:52
240                android:name="androidx.emoji2.text.EmojiCompatInitializer"
240-->[androidx.emoji2:emoji2:1.3.0] AndroidManifest.xml:30:17-75
241                android:value="androidx.startup" />
241-->[androidx.emoji2:emoji2:1.3.0] AndroidManifest.xml:31:17-49
242            <meta-data
242-->[androidx.lifecycle:lifecycle-process:2.8.7] AndroidManifest.xml:29:13-31:52
243                android:name="androidx.lifecycle.ProcessLifecycleInitializer"
243-->[androidx.lifecycle:lifecycle-process:2.8.7] AndroidManifest.xml:30:17-78
244                android:value="androidx.startup" />
244-->[androidx.lifecycle:lifecycle-process:2.8.7] AndroidManifest.xml:31:17-49
245            <meta-data
245-->[androidx.profileinstaller:profileinstaller:1.3.1] AndroidManifest.xml:29:13-31:52
246                android:name="androidx.profileinstaller.ProfileInstallerInitializer"
246-->[androidx.profileinstaller:profileinstaller:1.3.1] AndroidManifest.xml:30:17-85
247                android:value="androidx.startup" />
247-->[androidx.profileinstaller:profileinstaller:1.3.1] AndroidManifest.xml:31:17-49
248        </provider>
249        <provider
249-->[com.google.firebase:firebase-common:21.0.0] AndroidManifest.xml:23:9-28:39
250            android:name="com.google.firebase.provider.FirebaseInitProvider"
250-->[com.google.firebase:firebase-common:21.0.0] AndroidManifest.xml:24:13-77
251            android:authorities="com.aurafarmers.resqride.firebaseinitprovider"
251-->[com.google.firebase:firebase-common:21.0.0] AndroidManifest.xml:25:13-72
252            android:directBootAware="true"
252-->[com.google.firebase:firebase-common:21.0.0] AndroidManifest.xml:26:13-43
253            android:exported="false"
253-->[com.google.firebase:firebase-common:21.0.0] AndroidManifest.xml:27:13-37
254            android:initOrder="100" />
254-->[com.google.firebase:firebase-common:21.0.0] AndroidManifest.xml:28:13-36
255
256        <meta-data
256-->[com.google.android.gms:play-services-basement:18.4.0] AndroidManifest.xml:6:9-122
257            android:name="com.google.android.gms.version"
257-->[com.google.android.gms:play-services-basement:18.4.0] AndroidManifest.xml:6:20-65
258            android:value="@integer/google_play_services_version" />
258-->[com.google.android.gms:play-services-basement:18.4.0] AndroidManifest.xml:6:66-119
259
260        <receiver
260-->[androidx.profileinstaller:profileinstaller:1.3.1] AndroidManifest.xml:34:9-52:20
261            android:name="androidx.profileinstaller.ProfileInstallReceiver"
261-->[androidx.profileinstaller:profileinstaller:1.3.1] AndroidManifest.xml:35:13-76
262            android:directBootAware="false"
262-->[androidx.profileinstaller:profileinstaller:1.3.1] AndroidManifest.xml:36:13-44
263            android:enabled="true"
263-->[androidx.profileinstaller:profileinstaller:1.3.1] AndroidManifest.xml:37:13-35
264            android:exported="true"
264-->[androidx.profileinstaller:profileinstaller:1.3.1] AndroidManifest.xml:38:13-36
265            android:permission="android.permission.DUMP" >
265-->[androidx.profileinstaller:profileinstaller:1.3.1] AndroidManifest.xml:39:13-57
266            <intent-filter>
266-->[androidx.profileinstaller:profileinstaller:1.3.1] AndroidManifest.xml:40:13-42:29
267                <action android:name="androidx.profileinstaller.action.INSTALL_PROFILE" />
267-->[androidx.profileinstaller:profileinstaller:1.3.1] AndroidManifest.xml:41:17-91
267-->[androidx.profileinstaller:profileinstaller:1.3.1] AndroidManifest.xml:41:25-88
268            </intent-filter>
269            <intent-filter>
269-->[androidx.profileinstaller:profileinstaller:1.3.1] AndroidManifest.xml:43:13-45:29
270                <action android:name="androidx.profileinstaller.action.SKIP_FILE" />
270-->[androidx.profileinstaller:profileinstaller:1.3.1] AndroidManifest.xml:44:17-85
270-->[androidx.profileinstaller:profileinstaller:1.3.1] AndroidManifest.xml:44:25-82
271            </intent-filter>
272            <intent-filter>
272-->[androidx.profileinstaller:profileinstaller:1.3.1] AndroidManifest.xml:46:13-48:29
273                <action android:name="androidx.profileinstaller.action.SAVE_PROFILE" />